proguard-project.txt
-optimizationpasses 5
-dontusemixedcaseclassnames
-dontskipnonpubliclibraryclasses
-dontpreverify
-verbose
-repackageclasses ''
-allowaccessmodification

-optimizations !code/simplification/arithmetic,!field/*,!class/merging/*

-keep public class * extends android.app.Activity
-keep public class * extends android.app.Application
-keep public class * extends android.app.Service
-keep public class * extends android.content.BroadcastReceiver
-keep public class * extends android.content.ContentProvider
-keep public class * extends android.app.backup.BackupAgentHelper
-keep public class * extends android.preference.Preference
-keep public class com.android.vending.licensing.ILicensingService

-libraryjars  libs/android-logger-1.3.1.jar
-libraryjars  libs/crashlytics.jar
-libraryjars  libs/CWAC-WakefulIntentService.jar
-libraryjars  libs/gcm.jar
-libraryjars  libs/guava-17.0.jar
-libraryjars  libs/httpmime-4.1.2.jar
-libraryjars  libs/signpost-commonshttp4-1.2.1.1.jar
-libraryjars  libs/twitter4j-core-3.0.6-SNAPSHOT.jar
-libraryjars  libs/universal-image-loader-1.9.1-with-sources.jar

-keepclasseswithmembers class * {
    native <methods>;
}

-keepclasseswithmembers class * {
    public <init>(android.content.Context, android.util.AttributeSet);
}

-keepclasseswithmembers class * {
    public <init>(android.content.Context, android.util.AttributeSet, int);
}

-keepclassmembers enum * {
    public static **[] values();
    public static ** valueOf(java.lang.String);
}

-keep class * implements android.os.Parcelable {
  public static final android.os.Parcelable$Creator *;
}

-dontwarn java.lang.management.**
-dontwarn javax.annotation.**
-dontwarn javax.management.**
-dontwarn javax.servlet.**
-dontwarn org.apache.log4j.**
-dontwarn org.apache.commons.**
-dontwarn org.openid4java.**
-dontwarn org.slf4j.**
-dontwarn com.ibm.icu.text.**
-dontwarn sun.misc.**