proguard/seeds.txt
com.wootag.AccessPermissionActivity
com.wootag.AccessPermissionActivity: AccessPermissionActivity()
com.wootag.AccountSettingActivity
com.wootag.AccountSettingActivity: AccountSettingActivity()
com.wootag.AccountSettingActivity: void onClick(android.view.View)
com.wootag.AnVideoView
com.wootag.AnVideoView: AnVideoView()
com.wootag.AndroidVideoCapture
com.wootag.AndroidVideoCapture: AndroidVideoCapture()
com.wootag.AndroidVideoCapture: void onClick(android.view.View)
com.wootag.BackGroundDialogs
com.wootag.BackGroundDialogs: BackGroundDialogs()
com.wootag.ChangePasswordActivity
com.wootag.ChangePasswordActivity: ChangePasswordActivity()
com.wootag.DiscoverMorePeopleActivity
com.wootag.ForgotPasswordFragment
com.wootag.ForgotPasswordFragment: ForgotPasswordFragment()
com.wootag.ForgotPasswordFragment: void onClick(android.view.View)
com.wootag.FriendFinderActivity
com.wootag.FriendFinderActivity: FriendFinderActivity()
com.wootag.FriendFinderActivity: void onClick(android.view.View)
com.wootag.FriendsListActivity
com.wootag.FriendsListActivity: FriendsListActivity()
com.wootag.FriendsListActivity: void onClick(android.view.View)
com.wootag.FriendsListActivity$UpdateReceiver
com.wootag.GCMIntentService
com.wootag.GCMIntentService: GCMIntentService()
com.wootag.HomeActivity
com.wootag.HomeActivity: HomeActivity()
com.wootag.HomeActivity: void onClick(android.view.View)
com.wootag.HorizontalPager
com.wootag.HorizontalPager: HorizontalPager(android.content.Context,android.util.AttributeSet)
com.wootag.HorizontalPager: int getCurrentScreen()
com.wootag.HorizontalPager: void setOnScreenSwitchListener(com.wootag.HorizontalPager$OnScreenSwitchListener)
com.wootag.IntrozoneActivity
com.wootag.IntrozoneActivity: IntrozoneActivity()
com.wootag.LikedActivity
com.wootag.LikedActivity: LikedActivity()
com.wootag.MenuActivity
com.wootag.MenuActivity: MenuActivity()
com.wootag.OtherUserActivity
com.wootag.OtherUserActivity: OtherUserActivity()
com.wootag.PlayerActivity
com.wootag.PlayerActivity: PlayerActivity()
com.wootag.PlayerActivity: void onClick(android.view.View)
com.wootag.PlayerActivity$UpdateReceiver
com.wootag.PrepareRequestTokenActivity
com.wootag.PrepareRequestTokenActivity: PrepareRequestTokenActivity()
com.wootag.ProductDetailsActivity
com.wootag.ProductDetailsActivity: ProductDetailsActivity()
com.wootag.ProfilePickViewActivity
com.wootag.ProfilePickViewActivity: ProfilePickViewActivity()
com.wootag.PushNotificationSettingsActivity
com.wootag.PushNotificationSettingsActivity: PushNotificationSettingsActivity()
com.wootag.QuickLinkActivity
com.wootag.QuickLinkActivity: QuickLinkActivity()
com.wootag.R$anim: int abc_fade_in
com.wootag.R$anim: int abc_fade_out
com.wootag.R$anim: int abc_slide_in_bottom
com.wootag.R$anim: int abc_slide_in_top
com.wootag.R$anim: int abc_slide_out_bottom
com.wootag.R$anim: int abc_slide_out_top
com.wootag.R$anim: int slide_in_from_bottom
com.wootag.R$anim: int slide_in_from_top
com.wootag.R$anim: int slide_out_to_bottom
com.wootag.R$anim: int slide_out_to_top
com.wootag.R$animator: int bottom_down
com.wootag.R$animator: int bottom_up
com.wootag.R$array: int currency_category
com.wootag.R$array: int product_category
...
com.google.android.gms.internal.ie
com.google.android.gms.internal.ih
com.google.android.gms.internal.ih$a
com.google.android.gms.internal.ih$b
com.google.android.gms.internal.ih$b$a
com.google.android.gms.internal.ih$b$b
com.google.android.gms.internal.ih$c
com.google.android.gms.internal.ih$d
com.google.android.gms.internal.ih$f
com.google.android.gms.internal.ih$g
com.google.android.gms.internal.ih$h
com.google.android.gms.internal.iv
com.google.android.gms.internal.iv: android.os.Parcelable$Creator CREATOR
com.google.android.gms.internal.ix
com.google.android.gms.internal.ix: android.os.Parcelable$Creator CREATOR
com.google.android.gms.internal.jk
com.google.android.gms.internal.jk: android.os.Parcelable$Creator CREATOR
com.google.android.gms.internal.jm
com.google.android.gms.internal.jm: android.os.Parcelable$Creator CREATOR
com.google.android.gms.internal.jo
com.google.android.gms.internal.jo: android.os.Parcelable$Creator CREATOR
com.google.android.gms.internal.jp
com.google.android.gms.internal.jp: android.os.Parcelable$Creator CREATOR
com.google.android.gms.internal.js
com.google.android.gms.internal.js: android.os.Parcelable$Creator CREATOR
com.google.android.gms.internal.ju
com.google.android.gms.internal.ju: android.os.Parcelable$Creator CREATOR
com.google.android.gms.internal.jw
com.google.android.gms.internal.jw: android.os.Parcelable$Creator CREATOR
com.google.android.gms.internal.jy
com.google.android.gms.internal.jy: android.os.Parcelable$Creator CREATOR
com.google.android.gms.internal.ki
com.google.android.gms.internal.ki: android.os.Parcelable$Creator CREATOR
com.google.android.gms.internal.kk
com.google.android.gms.internal.kk: android.os.Parcelable$Creator CREATOR
com.google.android.gms.location.ActivityRecognitionResult
com.google.android.gms.location.DetectedActivity
com.google.android.gms.location.LocationRequest
com.google.android.gms.location.b
com.google.android.gms.maps.GoogleMapOptions
com.google.android.gms.maps.MapView
com.google.android.gms.maps.MapView: MapView(android.content.Context,android.util.AttributeSet)
com.google.android.gms.maps.MapView: MapView(android.content.Context,android.util.AttributeSet,int)
com.google.android.gms.maps.MapView: com.google.android.gms.maps.GoogleMap getMap()
com.google.android.gms.maps.StreetViewPanoramaOptions
com.google.android.gms.maps.StreetViewPanoramaView
com.google.android.gms.maps.StreetViewPanoramaView: StreetViewPanoramaView(android.content.Context,android.util.AttributeSet)
com.google.android.gms.maps.StreetViewPanoramaView: StreetViewPanoramaView(android.content.Context,android.util.AttributeSet,int)
com.google.android.gms.maps.StreetViewPanoramaView: com.google.android.gms.maps.StreetViewPanorama getStreetViewPanorama()
com.google.android.gms.maps.model.CameraPosition
com.google.android.gms.maps.model.CircleOptions
com.google.android.gms.maps.model.GroundOverlayOptions
com.google.android.gms.maps.model.LatLng
com.google.android.gms.maps.model.LatLngBounds
com.google.android.gms.maps.model.MarkerOptions
com.google.android.gms.maps.model.PolygonOptions
com.google.android.gms.maps.model.PolylineOptions
com.google.android.gms.maps.model.StreetViewPanoramaCamera
com.google.android.gms.maps.model.StreetViewPanoramaLink
com.google.android.gms.maps.model.StreetViewPanoramaLocation
com.google.android.gms.maps.model.StreetViewPanoramaOrientation
com.google.android.gms.maps.model.Tile
com.google.android.gms.maps.model.TileOverlayOptions
com.google.android.gms.maps.model.VisibleRegion
com.google.android.gms.plus.PlusOneButton
com.google.android.gms.plus.PlusOneButton: PlusOneButton(android.content.Context,android.util.AttributeSet)
com.google.android.gms.plus.PlusOneButton: void setOnPlusOneClickListener(com.google.android.gms.plus.PlusOneButton$OnPlusOneClickListener)
com.google.android.gms.plus.PlusOneButton: void setAnnotation(int)
com.google.android.gms.plus.PlusOneButton: void setSize(int)
com.google.android.gms.plus.internal.PlusCommonExtras