proguard/mapping.txt
com.wootag.AccessPermissionActivity -> com.wootag.AccessPermissionActivity:
    com.noveogroup.android.log.Logger LOG -> a
    android.widget.Button back -> b
    com.wootag.AccessPermissionActivity context -> c
    com.wootag.lazyload.ImageLoader imageLoader -> d
    int publicVideo -> e
    android.widget.ToggleButton shareFollowersVideo -> f
    android.widget.ToggleButton sharePrivateVideo -> g
    android.widget.ToggleButton sharePublicVideo -> h
    android.widget.ImageView updateAccessPermission -> i
    com.wootag.dto.VideoDetails video -> j
    android.widget.ImageView videoImage -> k
    org.json.JSONObject getJSONRequest() -> a
    void loadImage(com.wootag.dto.VideoDetails) -> a
    void updateAccessPermission() -> c
    void onCreate(android.os.Bundle) -> onCreate
    com.wootag.AccessPermissionActivity access$0(com.wootag.AccessPermissionActivity) -> a
    com.noveogroup.android.log.Logger access$1() -> b
    android.widget.ToggleButton access$2(com.wootag.AccessPermissionActivity) -> b
    android.widget.ToggleButton access$3(com.wootag.AccessPermissionActivity) -> c
    android.widget.ToggleButton access$4(com.wootag.AccessPermissionActivity) -> d
    void access$5(com.wootag.AccessPermissionActivity) -> e
com.wootag.AccessPermissionActivity$1 -> bmu:
    com.wootag.AccessPermissionActivity this$0 -> a
    void onClick(android.view.View) -> onClick
com.wootag.AccessPermissionActivity$2 -> bmv:
    com.wootag.AccessPermissionActivity this$0 -> a
    void onClick(android.view.View) -> onClick
com.wootag.AccessPermissionActivity$3 -> bmw:
    com.wootag.AccessPermissionActivity this$0 -> a
    void onClick(android.view.View) -> onClick
com.wootag.AccessPermissionActivity$4 -> bmx:
    com.wootag.AccessPermissionActivity this$0 -> a
    void onClick(android.view.View) -> onClick
com.wootag.AccessPermissionActivity$5 -> bmy:
    com.wootag.AccessPermissionActivity this$0 -> a
    void onClick(android.view.View) -> onClick
com.wootag.AccessPermissionActivity$updateAccessPermissionsAsyne -> bmz:
    boolean isProgressShow -> b
    android.app.ProgressDialog progress -> c
    java.lang.Object returnObj -> d
    com.wootag.AccessPermissionActivity this$0 -> a
    java.lang.Void doInBackground(java.lang.Void[]) -> a
    void onPostExecute(java.lang.Void) -> a
    void onPreExecute() -> onPreExecute
    void onPostExecute(java.lang.Object) -> onPostExecute
    java.lang.Object doInBackground(java.lang.Object[]) -> doInBackground
com.wootag.AccountSettingActivity -> com.wootag.AccountSettingActivity:
    com.wootag.AccountSettingActivity accountSettingActivity -> a
    com.noveogroup.android.log.Logger LOG -> h
    java.lang.Object banner -> i
    android.widget.EditText bio -> j
    android.widget.ImageButton cancel -> k
    android.widget.LinearLayout changePassword -> l
    android.content.Context context -> m
    android.widget.EditText country -> n
    android.widget.EditText designation -> o
    android.widget.TextView edit -> p
    android.widget.Button fbButton -> q
    android.widget.ImageButton fbConnect -> r
    android.widget.TextView fbMail -> s
    android.widget.ToggleButton fbToggle -> t
    android.widget.TextView genderText -> u
    android.widget.LinearLayout genderView -> v
    android.widget.Button gPlusButton -> w
    android.widget.ImageButton gPlusconnect -> x
    android.widget.TextView gPlusMail -> y
    android.widget.ToggleButton gplusToggle -> z
    com.wootag.lazyload.ImageLoader imageLoader -> A
    boolean isEditProfile -> B
    boolean isProfileBannerEdit -> C
    android.widget.TextView mail -> D
    android.net.Uri mImageCaptureUri -> E
    android.widget.EditText mobileNumber -> F
    com.handmark.pulltorefresh.library.PullToRefreshScrollView pullToRefreshScrollView -> G
    java.lang.Object photo -> H
    android.widget.TextView profileName -> I
    android.widget.ImageView profilePic -> J
    android.widget.ImageButton save -> K
...
com.nostra13.universalimageloader.core.assist.deque.LinkedBlockingDeque$AbstractItr -> bkz:
    com.nostra13.universalimageloader.core.assist.deque.LinkedBlockingDeque$Node next -> a
    java.lang.Object nextItem -> b
    com.nostra13.universalimageloader.core.assist.deque.LinkedBlockingDeque$Node lastRet -> d
    com.nostra13.universalimageloader.core.assist.deque.LinkedBlockingDeque this$0 -> c
    com.nostra13.universalimageloader.core.assist.deque.LinkedBlockingDeque$Node firstNode() -> a
    com.nostra13.universalimageloader.core.assist.deque.LinkedBlockingDeque$Node nextNode(com.nostra13.universalimageloader.core.assist.deque.LinkedBlockingDeque$Node) -> a
    com.nostra13.universalimageloader.core.assist.deque.LinkedBlockingDeque$Node succ(com.nostra13.universalimageloader.core.assist.deque.LinkedBlockingDeque$Node) -> b
    void advance() -> b
    boolean hasNext() -> hasNext
    java.lang.Object next() -> next
    void remove() -> remove
com.nostra13.universalimageloader.core.assist.deque.LinkedBlockingDeque$Itr -> bla:
    com.nostra13.universalimageloader.core.assist.deque.LinkedBlockingDeque this$0 -> d
    com.nostra13.universalimageloader.core.assist.deque.LinkedBlockingDeque$Node firstNode() -> a
    com.nostra13.universalimageloader.core.assist.deque.LinkedBlockingDeque$Node nextNode(com.nostra13.universalimageloader.core.assist.deque.LinkedBlockingDeque$Node) -> a
com.nostra13.universalimageloader.core.assist.deque.LinkedBlockingDeque$Node -> blb:
    java.lang.Object item -> a
    com.nostra13.universalimageloader.core.assist.deque.LinkedBlockingDeque$Node prev -> b
    com.nostra13.universalimageloader.core.assist.deque.LinkedBlockingDeque$Node next -> c
com.nostra13.universalimageloader.core.decode.BaseImageDecoder -> blc:
    boolean loggingEnabled -> a
    android.graphics.Bitmap decode(com.nostra13.universalimageloader.core.decode.ImageDecodingInfo) -> a
    java.io.InputStream getImageStream(com.nostra13.universalimageloader.core.decode.ImageDecodingInfo) -> b
    com.nostra13.universalimageloader.core.decode.BaseImageDecoder$ImageFileInfo defineImageSizeAndRotation(java.io.InputStream,com.nostra13.universalimageloader.core.decode.ImageDecodingInfo) -> a
    boolean canDefineExifParams(java.lang.String,java.lang.String) -> a
    com.nostra13.universalimageloader.core.decode.BaseImageDecoder$ExifInfo defineExifOrientation(java.lang.String) -> a
    android.graphics.BitmapFactory$Options prepareDecodingOptions(com.nostra13.universalimageloader.core.assist.ImageSize,com.nostra13.universalimageloader.core.decode.ImageDecodingInfo) -> a
    java.io.InputStream resetStream(java.io.InputStream,com.nostra13.universalimageloader.core.decode.ImageDecodingInfo) -> b
    android.graphics.Bitmap considerExactScaleAndOrientaiton(android.graphics.Bitmap,com.nostra13.universalimageloader.core.decode.ImageDecodingInfo,int,boolean) -> a
com.nostra13.universalimageloader.core.decode.BaseImageDecoder$ExifInfo -> bld:
    int rotation -> a
    boolean flipHorizontal -> b
com.nostra13.universalimageloader.core.decode.BaseImageDecoder$ImageFileInfo -> ble:
    com.nostra13.universalimageloader.core.assist.ImageSize imageSize -> a
    com.nostra13.universalimageloader.core.decode.BaseImageDecoder$ExifInfo exif -> b
com.nostra13.universalimageloader.core.decode.ImageDecoder -> blf:
    android.graphics.Bitmap decode(com.nostra13.universalimageloader.core.decode.ImageDecodingInfo) -> a