proguard/usage.txt
com.wootag.AccessPermissionActivity:
    private static final java.lang.String _1
    private static final java.lang.String _2
    private static final java.lang.String NO_RESPONSE_AVAILABLE
    private static final java.lang.String PUBLIC
    private static final java.lang.String UPDATED_ACCESS_PERMISSIONS
    private static final java.lang.String VIDEO
    private static final java.lang.String VIDEO_ID
com.wootag.AccountSettingActivity:
    private static final int CROP_FROM_CAMERA
    private static final int PICK_FROM_CAMERA
    private static final int PICK_FROM_FILE
    private java.lang.String capturedImagePath
    private java.io.File croppedImageFile
    193:202:public void pickImage()
    265:279:private void createImageFile()
    283:305:private java.io.File createNewFile(java.lang.String)
com.wootag.AndroidVideoCapture:
    private android.view.SurfaceHolder surfaceHolder
    302:317:private android.hardware.Camera openFrontFacingCameraGingerbread()
com.wootag.BackGroundDialogs:
    public android.content.BroadcastReceiver receiver
com.wootag.BuildConfig
com.wootag.Constant
com.wootag.DiscoverMorePeopleActivity:
    private static final int VIDEOS_PER_PAGE
com.wootag.ForgotPasswordFragment:
    private static final java.lang.String EMAIL_PATTERN
    private java.util.regex.Matcher matcher
    61:62:public boolean validate(java.lang.String)
    68:69:public void serverResponse(java.lang.String)
com.wootag.FriendFinderActivity:
    private static final int VIDEOS_PER_PAGE
com.wootag.FriendsListActivity:
    private static final java.lang.String HTTP_SCHEMAS_GOOGLE_COM_BUY_ACTIVITY
    private static final java.lang.String HTTP_SCHEMAS_GOOGLE_COM_ADD_ACTIVITY
    private static final java.lang.String OK
    private static final java.lang.String LOGIN_FAILED
    private static final java.lang.String PICTURE2
    private static final java.lang.String GRAPH_FACEBOOK_COM
    private static final java.lang.String EMPTY
    private static final java.lang.String MESSAGE
    private static final java.lang.String CAPTION
    private static final java.lang.String ERROR_POSTING_LINK
    private static final java.lang.String POSTED_LINK
    private static final java.lang.String POST_ID
    private static final java.lang.String TO
    private static final java.lang.String LINK
    private static final java.lang.String PICTURE
    private static final java.lang.String EMAIL
    private static final java.lang.String FRIENDS_BIRTHDAY
    private static final java.lang.String FRIENDS_EDUCATION_HISTORY
    private static final java.lang.String FRIENDS_HOMETOWN
    private static final java.lang.String FRIENDS_LOCATION
    private static final java.lang.String FRIENDS_ONLINE_PRESENCE
    private static final java.lang.String FRIENDS_PHOTOS
    private static final java.lang.String FRIENDS_STATUS
    private static final java.lang.String FRIENDS_WORK_HISTORY
    private static final java.lang.String NAME
    private static final java.lang.String PUBLISH_CANCELLED
com.wootag.FriendsListActivity$3
com.wootag.FriendsListActivity$4
com.wootag.HomeActivity:
    private static final java.lang.String MESSAGE
    private static final java.lang.String MP4
    private static final int PICK_VIDEO
    private static final java.lang.String VIDEO2
    private boolean isUploading
    private android.app.ProgressDialog progressDialog
    92:92:public static java.lang.String getCurrentTimeStamp()
    97:101:public java.lang.String getRealPathFromURI(android.net.Uri)
    106:112:public boolean isServiceRunning(java.lang.Class)
    133:140:public void showProgress(java.lang.String)
...
com.google.android.gms.wallet.fragment.WalletFragmentInitParams$Builder
com.google.android.gms.wallet.fragment.WalletFragmentMode
com.google.android.gms.wallet.fragment.WalletFragmentOptions:
    public static com.google.android.gms.wallet.fragment.WalletFragmentOptions$Builder newBuilder()
    public void I(android.content.Context)
    public static com.google.android.gms.wallet.fragment.WalletFragmentOptions a(android.content.Context,android.util.AttributeSet)
    static synthetic int a(com.google.android.gms.wallet.fragment.WalletFragmentOptions,int)
    static synthetic int b(com.google.android.gms.wallet.fragment.WalletFragmentOptions,int)
    static synthetic com.google.android.gms.wallet.fragment.WalletFragmentStyle a(com.google.android.gms.wallet.fragment.WalletFragmentOptions,com.google.android.gms.wallet.fragment.WalletFragmentStyle)
    static synthetic int c(com.google.android.gms.wallet.fragment.WalletFragmentOptions,int)
com.google.android.gms.wallet.fragment.WalletFragmentOptions$1
com.google.android.gms.wallet.fragment.WalletFragmentOptions$Builder
com.google.android.gms.wallet.fragment.WalletFragmentState
com.google.android.gms.wallet.fragment.WalletFragmentStyle:
    public com.google.android.gms.wallet.fragment.WalletFragmentStyle setStyleResourceId(int)
    public com.google.android.gms.wallet.fragment.WalletFragmentStyle setBuyButtonText(int)
    public com.google.android.gms.wallet.fragment.WalletFragmentStyle setBuyButtonHeight(int)
    public com.google.android.gms.wallet.fragment.WalletFragmentStyle setBuyButtonHeight(int,float)
    public com.google.android.gms.wallet.fragment.WalletFragmentStyle setBuyButtonWidth(int)
    public com.google.android.gms.wallet.fragment.WalletFragmentStyle setBuyButtonWidth(int,float)
    public com.google.android.gms.wallet.fragment.WalletFragmentStyle setBuyButtonAppearance(int)
    public com.google.android.gms.wallet.fragment.WalletFragmentStyle setMaskedWalletDetailsTextAppearance(int)
    public com.google.android.gms.wallet.fragment.WalletFragmentStyle setMaskedWalletDetailsHeaderTextAppearance(int)
    public com.google.android.gms.wallet.fragment.WalletFragmentStyle setMaskedWalletDetailsBackgroundColor(int)
    public com.google.android.gms.wallet.fragment.WalletFragmentStyle setMaskedWalletDetailsBackgroundResource(int)
    public com.google.android.gms.wallet.fragment.WalletFragmentStyle setMaskedWalletDetailsButtonTextAppearance(int)
    public com.google.android.gms.wallet.fragment.WalletFragmentStyle setMaskedWalletDetailsButtonBackgroundColor(int)
com.google.android.gms.wallet.fragment.WalletLogoImageType
com.google.android.gms.wearable.WearableListenerService:
    public static final java.lang.String BIND_LISTENER_INTENT_ACTION
    private java.lang.String adv
    private android.os.Handler adw
    private android.os.IBinder DB
    public void onCreate()
    public void onDestroy()
    public android.os.IBinder onBind(android.content.Intent)
    public void onDataChanged(com.google.android.gms.wearable.b)
    public void onMessageReceived(com.google.android.gms.wearable.e)
    public void onPeerConnected(com.google.android.gms.wearable.f)
    public void onPeerDisconnected(com.google.android.gms.wearable.f)
    private void md()
    private boolean cM(int)
    static synthetic java.lang.String a(com.google.android.gms.wearable.WearableListenerService)
    static synthetic void b(com.google.android.gms.wearable.WearableListenerService)
    static synthetic android.os.Handler c(com.google.android.gms.wearable.WearableListenerService)
com.google.android.gms.wearable.WearableListenerService$1
com.google.android.gms.wearable.WearableListenerService$a
com.google.android.gms.wearable.WearableListenerService$a$1
com.google.android.gms.wearable.WearableListenerService$a$2
com.google.android.gms.wearable.WearableListenerService$a$3
com.google.android.gms.wearable.WearableListenerService$a$4
com.google.android.gms.wearable.a
com.google.android.gms.wearable.b